<?xml version="1.0" encoding="UTF-8" ?>
<testsuite failures="0" time="3.254" errors="0" skipped="0" tests="4" name="org.training.MailDownloaderTest">
  <properties>
[...]
</properties>
  <testcase time="0.971" classname="org.training.MailDownloaderTest" name="connectToPageToGetUrlsTest"/>
  <testcase time="0.366" classname="org.training.MailDownloaderTest" name="connectPageToDownloadMailTest"/>
  <testcase time="0" classname="org.training.MailDownloaderTest" name="readContentFromFileTest"/>
  <testcase time="0.344" classname="org.training.MailDownloaderTest" name="downloadMailTest"/>
</testsuite>